100 imcs 2.5
201 hello DeepBlue
105 W 5:00 5:00 game starts

1 W
kqbnr
ppppp
.....
.....
PPPPP
RNBQK

? 05:00.000 05:00.000
made move b1-a3




2 W
kqbnr
p.ppp
.p...
N....
PPPPP
R.BQK

? 05:00.000 05:00.000
made move a3-b1




3 W
k.bnr
pqppp
.p...
.....
PPPPP
RNBQK

? 04:59.655 04:59.958
made move d2-d3




4 W
kqbnr
p.ppp
.p...
...P.
PPP.P
RNBQK

? 04:59.298 04:59.915
made move e1-d2




5 W
kq.nr
pbppp
.p...
...P.
PPPKP
RNBQ.

? 04:58.538 04:59.872
made move d1-e1




6 W
kq.nr
p.ppp
bp...
...P.
PPPKP
RNB.Q

? 04:57.868 04:59.830
made move e1-d1




7 W
k.qnr
p.ppp
bp...
...P.
PPPKP
RNBQ.

? 04:57.207 04:59.787
made move d1-e1




8 W
k.qnr
p.p.p
bp.p.
...P.
PPPKP
RNB.Q

? 04:56.625 04:59.746
made move e1-d1




9 W
k..nr
p.pqp
bp.p.
...P.
PPPKP
RNBQ.

? 04:56.224 04:59.703
made move d1-e1




10 W
.k.nr
p.pqp
bp.p.
...P.
PPPKP
RNB.Q

? 04:55.773 04:59.659
made move e1-d1




11 W
.k..r
pnpqp
bp.p.
...P.
PPPKP
RNBQ.

? 04:55.164 04:59.616
made move d1-e1




12 W
.kr..
pnpqp
bp.p.
...P.
PPPKP
RNB.Q

? 04:54.713 04:59.572
made move c1-d1




13 W
.k.r.
pnpqp
bp.p.
...P.
PPPKP
RN.BQ

? 04:54.193 04:59.528
made move e2-e3




14 W
.k.r.
pnpqp
bp...
...Pp
PPPK.
RN.BQ

? 04:53.316 04:59.486
made move e1-e3




15 W
.k.r.
pnpqp
b....
.p.PQ
PPPK.
RN.B.

? 04:52.207 04:59.443
made move a2-b3




16 W
.k.r.
pnpqp
.b...
.P.PQ
.PPK.
RN.B.

? 04:50.853 04:59.402
made move d2-c1




17 W
.k.r.
.npqp
pb...
.P.PQ
.PP..
RNKB.

? 04:48.923 04:59.360
made move b3-a4




18 W
.kr..
.npqp
Pb...
...PQ
.PP..
RNKB.

? 04:46.752 04:59.319
made move a4-b5




19 W
..r..
.kpqp
.b...
...PQ
.PP..
RNKB.

? 04:44.946 04:59.277
made move c2-c3




20 W
..r..
.kpqp
.....
..bPQ
.P...
RNKB.

? 04:39.481 04:59.235
made move b1-c3




21 W
..r..
..pqp
.k...
..NPQ
.P...
R.KB.

? 04:36.908 04:59.192
made move c3-d5




22 W
..r..
.kpNp
.....
...PQ
.P...
R.KB.

? 04:36.870 04:59.151
made move e3-c5




23 W
..r..
..kNp
.....
...P.
.P...
R.KB.

? 04:36.369 04:59.109
made move d1-a4




24 W
...r.
..kNp
B....
...P.
.P...
R.K..

? 04:35.807 04:59.067
made move d5-b4




25 W
...r.
....p
Bk...
...P.
.P...
R.K..

? 04:33.809 04:59.026
made move a4-a3




26 W
...r.
k...p
.....
B..P.
.P...
R.K..

? 04:32.920 04:58.984
made move a3-d6




27 W
.k.B.
....p
.....
...P.
.P...
R.K..

? 04:32.748 04:58.940
made move d6-e5




28 W
.....
..k.B
.....
...P.
.P...
R.K..

? 04:32.425 04:58.896
made move a1-a5




29 W
.k...
R...B
.....
...P.
.P...
..K..

? 04:31.957 04:58.853
made move e5-d5




30 W
.....
k..B.
.....
...P.
.P...
..K..

? 04:31.856 04:58.811
made move c1-d2




31 W
.....
...B.
.k...
...P.
.P.K.
.....

? 04:31.716 04:58.768
made move d2-c1




32 W
.....
..kB.
.....
...P.
.P...
..K..

? 04:31.563 04:58.725
made move d5-b3




33 W
..k..
.....
.....
.B.P.
.P...
..K..

? 04:31.495 04:58.681
made move c1-d2




34 W
.....
..k..
.....
.B.P.
.P.K.
.....

? 04:31.325 04:58.639
made move d2-c1




35 W
..k..
.....
.....
.B.P.
.P...
..K..

? 04:31.175 04:58.597
made move c1-d2




36 W
.....
.k...
.....
.B.P.
.P.K.
.....

? 04:31.037 04:58.555
made move d2-c1




37 W
.....
k....
.....
.B.P.
.P...
..K..

? 04:30.870 04:58.514
made move c1-d2




38 W
k....
.....
.....
.B.P.
.P.K.
.....

? 04:30.701 04:58.471
made move d2-e3




39 W
.....
.k...
.....
.B.PK
.P...
.....

? 04:30.489 04:58.428
made move e3-d2




40 W
k....
.....
.....
.B.P.
.P.K.
.....

? 04:30.340 04:58.385
made move d2-c1



= draw
